/home/bhavika/anaconda2/bin/python /home/bhavika/PycharmProjects/Recommender/src/model7.py
This non-commercial license of GraphLab Create for academic use is assigned to btekwani@gmu.edu and will expire on November 03, 2017.
[INFO] graphlab.cython.cy_server: GraphLab Create v2.1 started. Logging: /tmp/graphlab_server_1479001262.log
Finished parsing file /home/bhavika/PycharmProjects/Recommender/src/movies_sf.csv
Parsing completed. Parsed 10195 lines in 1.14106 secs.
+---------+-----------+-----------+----------+--------+---------+---------+
| movieID | Adventure | Animation | Children | Comedy | Fantasy | Romance |
+---------+-----------+-----------+----------+--------+---------+---------+
|    1    |    True   |    True   |   True   |  True  |   True  |  False  |
|    2    |    True   |   False   |   True   | False  |   True  |  False  |
|    3    |   False   |   False   |  False   |  True  |  False  |   True  |
|    4    |   False   |   False   |  False   |  True  |  False  |   True  |
|    5    |   False   |   False   |  False   |  True  |  False  |  False  |
|    6    |   False   |   False   |  False   | False  |  False  |  False  |
|    7    |   False   |   False   |  False   |  True  |  False  |   True  |
|    8    |    True   |   False   |   True   | False  |  False  |  False  |
|    9    |   False   |   False   |  False   | False  |  False  |  False  |
|    10   |    True   |   False   |  False   | False  |  False  |  False  |
+---------+-----------+-----------+----------+--------+---------+---------+
+-------+--------+-------+----------+--------+---------+--------+-------+-------------+
| Drama | Action | Crime | Thriller | Horror | Mystery | Sci-Fi |  IMAX | Documentary |
+-------+--------+-------+----------+--------+---------+--------+-------+-------------+
| False | False  | False |  False   | False  |  False  | False  | False |    False    |
| False | False  | False |  False   | False  |  False  | False  | False |    False    |
| False | False  | False |  False   | False  |  False  | False  | False |    False    |
|  True | False  | False |  False   | False  |  False  | False  | False |    False    |
| False | False  | False |  False   | False  |  False  | False  | False |    False    |
| False |  True  |  True |   True   | False  |  False  | False  | False |    False    |
| False | False  | False |  False   | False  |  False  | False  | False |    False    |
| False | False  | False |  False   | False  |  False  | False  | False |    False    |
| False |  True  | False |  False   | False  |  False  | False  | False |    False    |
| False |  True  | False |   True   | False  |  False  | False  | False |    False    |
+-------+--------+-------+----------+--------+---------+--------+-------+-------------+
+-------+---------+-----------+---------+-----+
|  War  | Musical | Film-Noir | Western | ... |
+-------+---------+-----------+---------+-----+
| False |  False  |   False   |  False  | ... |
| False |  False  |   False   |  False  | ... |
| False |  False  |   False   |  False  | ... |
| False |  False  |   False   |  False  | ... |
| False |  False  |   False   |  False  | ... |
| False |  False  |   False   |  False  | ... |
| False |  False  |   False   |  False  | ... |
| False |  False  |   False   |  False  | ... |
| False |  False  |   False   |  False  | ... |
| False |  False  |   False   |  False  | ... |
+-------+---------+-----------+---------+-----+
[10195 rows x 62 columns]
Note: Only the head of the SFrame is printed.
You can use print_rows(num_rows=m, num_columns=n) to print more rows and columns.
Recsys training: model = factorization_recommender
Preparing data set.
    Data has 641699 observations with 2113 users and 10197 items.
    Data prepared in: 4.97602s
Training factorization_recommender for recommendations.
+--------------------------------+--------------------------------------------------+----------+
| Parameter                      | Description                                      | Value    |
+--------------------------------+--------------------------------------------------+----------+
| num_factors                    | Factor Dimension                                 | 32       |
| regularization                 | L2 Regularization on Factors                     | 1e-07    |
| solver                         | Solver used for training                         | adagrad  |
| linear_regularization          | L2 Regularization on Linear Coefficients         | 1e-10    |
| side_data_factorization        | Assign Factors for Side Data                     | True     |
| max_iterations                 | Maximum Number of Iterations                     | 50       |
+--------------------------------+--------------------------------------------------+----------+
  Optimizing model using SGD; tuning step size.
  Using 80212 / 641699 points for tuning the step size.
+---------+-------------------+------------------------------------------+
| Attempt | Initial Step Size | Estimated Objective Value                |
+---------+-------------------+------------------------------------------+
| 0       | 1                 | Not Viable                               |
| 1       | 0.25              | Not Viable                               |
| 2       | 0.0625            | 0.416769                                 |
| 3       | 0.03125           | 0.47705                                  |
| 4       | 0.015625          | 0.553885                                 |
| 5       | 0.0078125         | 0.583888                                 |
+---------+-------------------+------------------------------------------+
| Final   | 0.0625            | 0.416769                                 |
+---------+-------------------+------------------------------------------+
Starting Optimization.
+---------+--------------+-------------------+-----------------------+-------------+
| Iter.   | Elapsed Time | Approx. Objective | Approx. Training RMSE | Step Size   |
+---------+--------------+-------------------+-----------------------+-------------+
| Initial | 123us        | 1.00451           | 1.00225               |             |
+---------+--------------+-------------------+-----------------------+-------------+
| 1       | 23.48s       | 0.781696          | 0.883779              | 0.0625      |
| 2       | 52.95s       | 0.524472          | 0.723747              | 0.0625      |
| 3       | 1m 20s       | 0.489571          | 0.6992                | 0.0625      |
| 4       | 1m 44s       | 0.470578          | 0.685466              | 0.0625      |
| 5       | 2m 12s       | 0.456606          | 0.675181              | 0.0625      |
| 6       | 2m 40s       | 0.445659          | 0.66701               | 0.0625      |
| 7       | 3m 6s        | 0.43614           | 0.659822              | 0.0625      |
| 8       | 3m 30s       | 0.428396          | 0.653914              | 0.0625      |
| 9       | 3m 54s       | 0.42151           | 0.648616              | 0.0625      |
| 10      | 4m 21s       | 0.415214          | 0.643733              | 0.0625      |
| 11      | 4m 49s       | 0.410002          | 0.639661              | 0.0625      |
| 12      | 5m 13s       | 0.404657          | 0.635459              | 0.0625      |
| 13      | 5m 38s       | 0.400555          | 0.632214              | 0.0625      |
| 14      | 6m 3s        | 0.396363          | 0.62888               | 0.0625      |
| 15      | 6m 29s       | 0.39233           | 0.625656              | 0.0625      |
| 16      | 7m 0s        | 0.38889           | 0.622893              | 0.0625      |
| 17      | 7m 34s       | 0.385604          | 0.620242              | 0.0625      |
| 18      | 8m 10s       | 0.382408          | 0.617652              | 0.0625      |
| 19      | 8m 45s       | 0.379693          | 0.615443              | 0.0625      |
| 20      | 9m 23s       | 0.376935          | 0.61319               | 0.0625      |
| 21      | 10m 1s       | 0.37434           | 0.611064              | 0.0625      |
| 22      | 10m 36s      | 0.371872          | 0.609034              | 0.0625      |
| 23      | 11m 10s      | 0.369546          | 0.607115              | 0.0625      |
| 24      | 11m 46s      | 0.367541          | 0.605455              | 0.0625      |
| 25      | 12m 25s      | 0.365415          | 0.603691              | 0.0625      |
| 26      | 13m 6s       | 0.363426          | 0.602035              | 0.0625      |
| 27      | 13m 45s      | 0.361436          | 0.600375              | 0.0625      |
| 28      | 14m 21s      | 0.359737          | 0.598953              | 0.0625      |
| 29      | 15m 3s       | 0.358236          | 0.597693              | 0.0625      |
| 30      | 15m 43s      | 0.356614          | 0.596329              | 0.0625      |
| 31      | 16m 24s      | 0.355063          | 0.595023              | 0.0625      |
| 32      | 16m 53s      | 0.353726          | 0.593893              | 0.0625      |
| 33      | 17m 20s      | 0.351973          | 0.59241               | 0.0625      |
| 34      | 17m 49s      | 0.350742          | 0.591366              | 0.0625      |
| 35      | 18m 27s      | 0.349347          | 0.59018               | 0.0625      |
| 36      | 19m 6s       | 0.34803           | 0.589059              | 0.0625      |
| 37      | 19m 46s      | 0.34684           | 0.588044              | 0.0625      |
| 38      | 20m 23s      | 0.345707          | 0.587075              | 0.0625      |
| 39      | 20m 59s      | 0.34467           | 0.586187              | 0.0625      |
| 40      | 21m 41s      | 0.343423          | 0.585118              | 0.0625      |
| 41      | 22m 17s      | 0.342324          | 0.584174              | 0.0625      |
| 42      | 22m 55s      | 0.341337          | 0.583325              | 0.0625      |
| 43      | 23m 30s      | 0.340182          | 0.58233               | 0.0625      |
| 44      | 24m 11s      | 0.339263          | 0.581536              | 0.0625      |
| 45      | 24m 43s      | 0.33844           | 0.580825              | 0.0625      |
| 46      | 25m 20s      | 0.33756           | 0.580063              | 0.0625      |
| 47      | 26m 1s       | 0.336607          | 0.579237              | 0.0625      |
| 48      | 26m 38s      | 0.33567           | 0.578424              | 0.0625      |
| 49      | 27m 10s      | 0.334859          | 0.577719              | 0.0625      |
| 50      | 27m 40s      | 0.334106          | 0.577063              | 0.0625      |
+---------+--------------+-------------------+-----------------------+-------------+
Optimization Complete: Maximum number of passes through the data reached.
Computing final objective value and training RMSE.
       Final objective value: 0.329171
       Final training RMSE: 0.572772

Process finished with exit code 0
