[INFO] graphlab.cython.cy_server: GraphLab Create v2.1 started. Logging: /tmp/graphlab_server_1479087670.log
This non-commercial license of GraphLab Create for academic use is assigned to btekwani@gmu.edu and will expire on November 03, 2017.
Finished parsing file /home/bhavika/PycharmProjects/Recommender/src/movies_sf.csv
Parsing completed. Parsed 10195 lines in 0.186352 secs.
Recsys training: model = factorization_recommender
Preparing data set.
    Data has 641699 observations with 2113 users and 10197 items.
    Data prepared in: 0.836088s
Training factorization_recommender for recommendations.
+--------------------------------+--------------------------------------------------+----------+
| Parameter                      | Description                                      | Value    |
+--------------------------------+--------------------------------------------------+----------+
| num_factors                    | Factor Dimension                                 | 48       |
| regularization                 | L2 Regularization on Factors                     | 1e-07    |
| solver                         | Solver used for training                         | adagrad  |
| linear_regularization          | L2 Regularization on Linear Coefficients         | 1e-10    |
| side_data_factorization        | Assign Factors for Side Data                     | True     |
| max_iterations                 | Maximum Number of Iterations                     | 50       |
+--------------------------------+--------------------------------------------------+----------+
  Optimizing model using SGD; tuning step size.
  Using 80212 / 641699 points for tuning the step size.
+---------+-------------------+------------------------------------------+
| Attempt | Initial Step Size | Estimated Objective Value                |
+---------+-------------------+------------------------------------------+
| 0       | 1                 | Not Viable                               |
| 1       | 0.25              | Not Viable                               |
| 2       | 0.0625            | Not Viable                               |
| 3       | 0.015625          | 0.543636                                 |
| 4       | 0.0078125         | 0.592908                                 |
| 5       | 0.00390625        | 0.604101                                 |
| 6       | 0.00195312        | 0.636542                                 |
+---------+-------------------+------------------------------------------+
| Final   | 0.015625          | 0.543636                                 |
+---------+-------------------+------------------------------------------+
Starting Optimization.
+---------+--------------+-------------------+-----------------------+-------------+
| Iter.   | Elapsed Time | Approx. Objective | Approx. Training RMSE | Step Size   |
+---------+--------------+-------------------+-----------------------+-------------+
| Initial | 89us         | 1.00451           | 1.00225               |             |
+---------+--------------+-------------------+-----------------------+-------------+
| 1       | 6.60s        | 0.681414          | 0.825396              | 0.015625    |
| 2       | 13.33s       | 0.597422          | 0.772831              | 0.015625    |
| 3       | 19.69s       | 0.573194          | 0.756985              | 0.015625    |
| 4       | 26.68s       | 0.557983          | 0.746864              | 0.015625    |
| 5       | 33.36s       | 0.547494          | 0.739803              | 0.015625    |
| 6       | 40.22s       | 0.53884           | 0.733925              | 0.015625    |
| 7       | 47.06s       | 0.532114          | 0.729324              | 0.015625    |
| 8       | 54.00s       | 0.526045          | 0.725147              | 0.015625    |
| 9       | 1m 0s        | 0.520993          | 0.721651              | 0.015625    |
| 10      | 1m 7s        | 0.515994          | 0.718176              | 0.015625    |
| 11      | 1m 14s       | 0.511777          | 0.71523               | 0.015625    |
| 12      | 1m 21s       | 0.508181          | 0.712708              | 0.015625    |
| 13      | 1m 28s       | 0.504508          | 0.710124              | 0.015625    |
| 14      | 1m 35s       | 0.501134          | 0.707741              | 0.015625    |
| 15      | 1m 42s       | 0.497864          | 0.705424              | 0.015625    |
| 16      | 1m 48s       | 0.494719          | 0.703188              | 0.015625    |
| 17      | 1m 55s       | 0.492025          | 0.701267              | 0.015625    |
| 18      | 2m 2s        | 0.489069          | 0.699154              | 0.015625    |
| 19      | 2m 9s        | 0.486689          | 0.697447              | 0.015625    |
| 20      | 2m 15s       | 0.4843            | 0.69573               | 0.015625    |
| 21      | 2m 22s       | 0.481955          | 0.69404               | 0.015625    |
| 22      | 2m 30s       | 0.479644          | 0.692371              | 0.015625    |
| 23      | 2m 38s       | 0.477306          | 0.690678              | 0.015625    |
| 24      | 2m 44s       | 0.475277          | 0.689205              | 0.015625    |
| 25      | 2m 51s       | 0.473147          | 0.687655              | 0.015625    |
| 26      | 2m 58s       | 0.471212          | 0.686245              | 0.015625    |
| 27      | 3m 5s        | 0.469422          | 0.684937              | 0.015625    |
| 28      | 3m 11s       | 0.46768           | 0.683662              | 0.015625    |
| 29      | 3m 18s       | 0.465711          | 0.682219              | 0.015625    |
| 30      | 3m 25s       | 0.463843          | 0.680846              | 0.015625    |
| 31      | 3m 32s       | 0.462109          | 0.679569              | 0.015625    |
| 32      | 3m 39s       | 0.460604          | 0.678459              | 0.015625    |
| 33      | 3m 46s       | 0.458729          | 0.677074              | 0.015625    |
| 34      | 3m 53s       | 0.45738           | 0.676075              | 0.015625    |
| 35      | 4m 0s        | 0.455699          | 0.674828              | 0.015625    |
| 36      | 4m 6s        | 0.454229          | 0.673737              | 0.015625    |
| 37      | 4m 13s       | 0.452708          | 0.672605              | 0.015625    |
| 38      | 4m 21s       | 0.451214          | 0.671491              | 0.015625    |
| 39      | 4m 28s       | 0.449692          | 0.670355              | 0.015625    |
| 40      | 4m 35s       | 0.448306          | 0.669318              | 0.015625    |
| 41      | 4m 42s       | 0.446993          | 0.668335              | 0.015625    |
| 42      | 4m 49s       | 0.445567          | 0.667266              | 0.015625    |
| 43      | 4m 56s       | 0.444324          | 0.666332              | 0.015625    |
| 44      | 5m 3s        | 0.443111          | 0.665419              | 0.015625    |
| 45      | 5m 13s       | 0.441697          | 0.664354              | 0.015625    |
| 46      | 5m 21s       | 0.440411          | 0.663383              | 0.015625    |
| 47      | 5m 29s       | 0.438942          | 0.662274              | 0.015625    |
| 48      | 5m 39s       | 0.437938          | 0.661514              | 0.015625    |
| 49      | 5m 47s       | 0.43693           | 0.660749              | 0.015625    |
| 50      | 5m 55s       | 0.435569          | 0.659717              | 0.015625    |
+---------+--------------+-------------------+-----------------------+-------------+
Optimization Complete: Maximum number of passes through the data reached.
Computing final objective value and training RMSE.
       Final objective value: 0.43533
       Final training RMSE: 0.539536
