Transformed featurespace: 
  (0, 57059)	0.0676491687444
  (0, 56907)	0.0542296770181
  (0, 54463)	0.0920577751845
  (0, 54320)	0.0470077841634
  (0, 52621)	0.0491704820501
  (0, 52406)	0.0433946308871
  (0, 50492)	0.07014633689
  (0, 50374)	0.112185455641
  (0, 50123)	0.044815989219
  (0, 49794)	0.0444094830201
  (0, 49790)	0.0582045257727
  (0, 49518)	0.0707199280901
  (0, 48585)	0.0529771646294
  (0, 46303)	0.0400495733279
  (0, 46251)	0.0633703436274
  (0, 44063)	0.0505036504268
  (0, 42537)	0.0884680607642
  (0, 42287)	0.0715594234068
  (0, 42253)	0.074455920488
  (0, 41538)	0.0462514345741
  (0, 41301)	0.0460523810634
  (0, 40749)	0.100024659027
  (0, 40729)	0.0446001487455
  (0, 39276)	0.0739469192693
  (0, 36422)	0.0410370799471
  :	:
  (8579, 9756)	0.128936833677
  (8579, 9048)	0.0644041024153
  (8579, 8473)	0.116320256865
  (8579, 8472)	0.119392761756
  (8579, 8372)	0.0805857140839
  (8579, 8165)	0.0429063740086
  (8579, 8147)	0.04977237669
  (8579, 8095)	0.128936833677
  (8579, 8025)	0.0506084987464
  (8579, 7333)	0.0921159855889
  (8579, 7272)	0.128936833677
  (8579, 6985)	0.1082269134
  (8579, 6435)	0.104265765657
  (8579, 6301)	0.0911976997001
  (8579, 4814)	0.0618619933899
  (8579, 4711)	0.0760707036006
  (8579, 4682)	0.086375697581
  (8579, 4673)	0.109848689835
  (8579, 4368)	0.111687308314
  (8579, 3506)	0.0367837540172
  (8579, 2178)	0.0816536277788
  (8579, 982)	0.0457838493689
  (8579, 611)	0.0707367768992
  (8579, 391)	0.0941596081313
  (8579, 255)	0.093619570867
Elapsed time:  0.0777020454407
Explained variance : 
[ 0.00165287  0.00566125  0.00488522  0.00378635  0.00303335  0.00272184
  0.00262875  0.00239978  0.00224281  0.00213635]
[[  9.92546704e-05   4.85190297e-05   1.41328771e-04 ...,   3.53088293e-03
    2.57223884e-03   8.97820120e-04]
 [ -1.13983138e-04  -6.06499195e-05  -9.24002220e-05 ...,  -4.05377764e-03
   -3.46307736e-03  -9.51807196e-04]
 [  1.36066536e-04   1.02517692e-04   7.61465750e-05 ...,   4.21671290e-03
    3.01963257e-03   1.08851546e-03]
 ..., 
 [  8.15778454e-05  -1.86086667e-05  -2.19411489e-04 ...,  -1.17883132e-04
   -1.02424971e-03  -2.65471639e-04]
 [ -2.35387933e-04   9.02392415e-06  -1.93931354e-04 ...,  -6.04445065e-03
   -5.32551510e-03  -1.78067107e-03]
 [ -2.96818060e-04  -2.11464587e-04  -2.21546392e-04 ...,   6.44670101e-03
    5.19139036e-03   1.52309453e-03]]
Time elapsed:  1.15183901787
