No of features:  2115
Time taken to fit VarianceThreshold:  0.000513076782227
New shape of train set (800, 2115)
New train set:       37     150    191    354    379    412    433    436    447    474    \
0      0.0    0.0    1.0    0.0    0.0    0.0    0.0    0.0    0.0    0.0   
1      0.0    0.0    0.0    0.0    0.0    0.0    0.0    0.0    0.0    0.0   
2      0.0    0.0    0.0    0.0    0.0    0.0    0.0    0.0    0.0    0.0   
3      0.0    0.0    0.0    0.0    0.0    0.0    1.0    0.0    0.0    0.0   
4      0.0    0.0    0.0    0.0    0.0    0.0    0.0    0.0    0.0    0.0   
5      0.0    0.0    0.0    1.0    0.0    1.0    0.0    0.0    1.0    0.0   
6      0.0    0.0    0.0    0.0    0.0    0.0    0.0    0.0    0.0    0.0   
7      1.0    1.0    0.0    0.0    0.0    0.0    0.0    0.0    0.0    0.0   
8      0.0    0.0    0.0    0.0    0.0    0.0    0.0    0.0    0.0    0.0   
9      0.0    0.0    0.0    1.0    0.0    0.0    1.0    0.0    0.0    0.0   
10     0.0    1.0    0.0    0.0    0.0    0.0    0.0    0.0    0.0    0.0   
11     0.0    0.0    0.0    0.0    0.0    0.0    0.0    0.0    0.0    0.0   
12     0.0    0.0    0.0    0.0    0.0    0.0    0.0    0.0    0.0    0.0   
13     0.0    0.0    0.0    0.0    1.0    0.0    0.0    0.0    0.0    0.0   
14     0.0    0.0    0.0    0.0    0.0    0.0    0.0    0.0    0.0    1.0   
15     0.0    0.0    0.0    0.0    1.0    0.0    0.0    0.0    0.0    0.0   
16     0.0    0.0    0.0    0.0    0.0    0.0    0.0    0.0    0.0    0.0   
17     0.0    0.0    0.0    0.0    0.0    0.0    0.0    0.0    0.0    0.0   
18     0.0    0.0    0.0    0.0    0.0    1.0    0.0    0.0    0.0    0.0   
19     0.0    0.0    0.0    0.0    1.0    0.0    0.0    0.0    0.0    0.0   
20     0.0    0.0    0.0    0.0    0.0    0.0    0.0    0.0    0.0    0.0   
21     0.0    0.0    0.0    0.0    0.0    0.0    0.0    0.0    0.0    0.0   
22     0.0    0.0    0.0    0.0    0.0    0.0    1.0    0.0    1.0    0.0   
23     0.0    1.0    0.0    0.0    0.0    0.0    0.0    0.0    0.0    0.0   
24     0.0    0.0    0.0    0.0    0.0    0.0    0.0    0.0    0.0    0.0   
25     0.0    0.0    0.0    0.0    0.0    0.0    0.0    0.0    0.0    0.0   
26     0.0    0.0    1.0    0.0    0.0    0.0    0.0    0.0    0.0    0.0   
27     0.0    0.0    0.0    0.0    0.0    1.0    0.0    0.0    0.0    1.0   
28     0.0    0.0    0.0    0.0    0.0    0.0    0.0    0.0    0.0    0.0   
29     0.0    0.0    0.0    0.0    0.0    0.0    0.0    0.0    0.0    0.0   
..     ...    ...    ...    ...    ...    ...    ...    ...    ...    ...   
770    0.0    0.0    0.0    0.0    0.0    0.0    0.0    0.0    0.0    0.0   
771    0.0    0.0    0.0    0.0    0.0    0.0    0.0    0.0    0.0    0.0   
772    0.0    0.0    0.0    0.0    0.0    0.0    0.0    0.0    0.0    0.0   
773    0.0    0.0    0.0    0.0    0.0    0.0    0.0    0.0    0.0    0.0   
774    0.0    0.0    0.0    0.0    1.0    1.0    0.0    0.0    0.0    0.0   
775    0.0    0.0    0.0    0.0    0.0    0.0    0.0    0.0    0.0    0.0   
776    0.0    0.0    1.0    0.0    0.0    0.0    0.0    0.0    0.0    1.0   
777    0.0    0.0    1.0    0.0    0.0    0.0    1.0    0.0    0.0    0.0   
778    0.0    0.0    0.0    0.0    0.0    0.0    0.0    0.0    0.0    1.0   
779    0.0    0.0    0.0    0.0    0.0    0.0    0.0    0.0    0.0    0.0   
780    0.0    0.0    0.0    0.0    0.0    0.0    0.0    0.0    0.0    0.0   
781    0.0    0.0    0.0    0.0    0.0    0.0    0.0    0.0    0.0    0.0   
782    0.0    0.0    0.0    0.0    0.0    0.0    0.0    0.0    0.0    0.0   
783    0.0    0.0    0.0    0.0    0.0    0.0    0.0    0.0    0.0    0.0   
784    0.0    1.0    0.0    0.0    0.0    1.0    0.0    0.0    0.0    0.0   
785    0.0    0.0    0.0    0.0    1.0    0.0    0.0    0.0    0.0    0.0   
786    0.0    0.0    0.0    0.0    1.0    0.0    0.0    0.0    0.0    0.0   
787    0.0    0.0    0.0    0.0    0.0    0.0    0.0    0.0    0.0    0.0   
788    0.0    0.0    1.0    0.0    0.0    0.0    0.0    0.0    0.0    0.0   
789    0.0    0.0    0.0    0.0    0.0    0.0    0.0    0.0    0.0    0.0   
790    0.0    0.0    0.0    0.0    0.0    0.0    0.0    0.0    0.0    0.0   
791    0.0    0.0    0.0    0.0    0.0    1.0    0.0    1.0    1.0    0.0   
792    0.0    0.0    0.0    0.0    0.0    0.0    0.0    0.0    0.0    0.0   
793    0.0    0.0    0.0    1.0    0.0    0.0    0.0    0.0    0.0    0.0   
794    0.0    0.0    0.0    0.0    0.0    0.0    0.0    0.0    0.0    0.0   
795    0.0    0.0    0.0    0.0    0.0    0.0    0.0    0.0    0.0    0.0   
796    0.0    0.0    0.0    0.0    0.0    0.0    0.0    0.0    0.0    0.0   
797    0.0    0.0    0.0    1.0    0.0    0.0    0.0    1.0    0.0    0.0   
798    0.0    1.0    0.0    1.0    1.0    0.0    0.0    0.0    0.0    0.0   
799    0.0    0.0    1.0    1.0    0.0    1.0    1.0    0.0    0.0    0.0   

     ...    99572  99638  99678  99686  99706  99828  99887  99924  99934  \
0    ...      0.0    0.0    1.0    1.0    0.0    0.0    0.0    0.0    0.0   
1    ...      0.0    0.0    0.0    0.0    0.0    0.0    0.0    0.0    0.0   
2    ...      0.0    0.0    0.0    0.0    0.0    0.0    0.0    0.0    0.0   
3    ...      0.0    0.0    0.0    0.0    0.0    0.0    0.0    0.0    0.0   
4    ...      0.0    0.0    0.0    0.0    0.0    0.0    0.0    0.0    0.0   
5    ...      0.0    0.0    0.0    0.0    1.0    0.0    0.0    1.0    0.0   
6    ...      0.0    0.0    0.0    0.0    0.0    0.0    0.0    1.0    0.0   
7    ...      0.0    0.0    0.0    0.0    0.0    0.0    1.0    0.0    0.0   
8    ...      0.0    0.0    0.0    0.0    0.0    0.0    0.0    0.0    0.0   
9    ...      0.0    0.0    0.0    0.0    0.0    0.0    0.0    0.0    0.0   
10   ...      0.0    0.0    0.0    0.0    0.0    0.0    0.0    0.0    0.0   
11   ...      0.0    0.0    0.0    0.0    0.0    0.0    0.0    0.0    0.0   
12   ...      0.0    0.0    1.0    0.0    0.0    0.0    0.0    0.0    0.0   
13   ...      0.0    0.0    0.0    0.0    0.0    0.0    0.0    0.0    0.0   
14   ...      0.0    0.0    0.0    0.0    0.0    1.0    0.0    0.0    0.0   
15   ...      0.0    0.0    0.0    0.0    0.0    0.0    0.0    0.0    0.0   
16   ...      0.0    0.0    0.0    0.0    0.0    0.0    1.0    1.0    0.0   
17   ...      0.0    0.0    0.0    0.0    0.0    0.0    0.0    0.0    1.0   
18   ...      0.0    0.0    0.0    1.0    0.0    0.0    0.0    0.0    0.0   
19   ...      1.0    0.0    0.0    0.0    0.0    0.0    0.0    0.0    0.0   
20   ...      0.0    0.0    0.0    0.0    1.0    0.0    0.0    0.0    0.0   
21   ...      0.0    0.0    0.0    0.0    0.0    0.0    0.0    0.0    0.0   
22   ...      0.0    0.0    0.0    0.0    0.0    0.0    0.0    0.0    0.0   
23   ...      0.0    0.0    0.0    0.0    0.0    0.0    0.0    0.0    0.0   
24   ...      0.0    0.0    0.0    0.0    0.0    0.0    0.0    0.0    0.0   
25   ...      0.0    0.0    0.0    1.0    1.0    0.0    1.0    0.0    0.0   
26   ...      0.0    0.0    0.0    0.0    0.0    0.0    0.0    0.0    0.0   
27   ...      0.0    0.0    0.0    0.0    0.0    0.0    0.0    0.0    0.0   
28   ...      1.0    0.0    0.0    0.0    0.0    0.0    0.0    0.0    1.0   
29   ...      0.0    0.0    0.0    0.0    0.0    0.0    0.0    0.0    0.0   
..   ...      ...    ...    ...    ...    ...    ...    ...    ...    ...   
770  ...      0.0    0.0    0.0    0.0    1.0    0.0    1.0    0.0    0.0   
771  ...      0.0    0.0    0.0    0.0    0.0    0.0    0.0    0.0    0.0   
772  ...      0.0    0.0    0.0    0.0    0.0    0.0    0.0    0.0    0.0   
773  ...      0.0    0.0    0.0    0.0    0.0    0.0    1.0    0.0    0.0   
774  ...      0.0    0.0    0.0    0.0    0.0    0.0    0.0    1.0    1.0   
775  ...      0.0    0.0    0.0    0.0    0.0    0.0    0.0    0.0    0.0   
776  ...      0.0    1.0    0.0    0.0    0.0    0.0    1.0    0.0    0.0   
777  ...      0.0    0.0    0.0    0.0    0.0    0.0    0.0    0.0    0.0   
778  ...      0.0    0.0    0.0    0.0    0.0    0.0    0.0    0.0    0.0   
779  ...      0.0    0.0    0.0    0.0    0.0    0.0    1.0    0.0    0.0   
780  ...      0.0    0.0    1.0    0.0    0.0    0.0    0.0    0.0    0.0   
781  ...      0.0    0.0    1.0    0.0    0.0    0.0    1.0    0.0    0.0   
782  ...      0.0    0.0    0.0    0.0    0.0    0.0    0.0    0.0    0.0   
783  ...      0.0    0.0    0.0    0.0    0.0    0.0    0.0    0.0    0.0   
784  ...      0.0    0.0    0.0    0.0    1.0    0.0    1.0    0.0    0.0   
785  ...      0.0    0.0    0.0    0.0    0.0    1.0    0.0    0.0    0.0   
786  ...      0.0    0.0    0.0    0.0    0.0    0.0    0.0    0.0    0.0   
787  ...      0.0    1.0    0.0    0.0    0.0    0.0    0.0    0.0    0.0   
788  ...      0.0    0.0    0.0    1.0    0.0    0.0    0.0    0.0    0.0   
789  ...      0.0    0.0    0.0    0.0    0.0    0.0    0.0    0.0    0.0   
790  ...      0.0    0.0    0.0    0.0    0.0    0.0    1.0    0.0    0.0   
791  ...      0.0    0.0    0.0    0.0    0.0    0.0    1.0    0.0    0.0   
792  ...      0.0    0.0    0.0    0.0    0.0    0.0    0.0    0.0    0.0   
793  ...      0.0    0.0    0.0    0.0    0.0    0.0    0.0    0.0    0.0   
794  ...      1.0    0.0    0.0    0.0    0.0    0.0    0.0    0.0    0.0   
795  ...      0.0    0.0    0.0    0.0    0.0    0.0    0.0    0.0    0.0   
796  ...      0.0    0.0    0.0    0.0    0.0    0.0    0.0    0.0    0.0   
797  ...      0.0    0.0    0.0    0.0    0.0    0.0    0.0    0.0    0.0   
798  ...      0.0    0.0    0.0    0.0    1.0    0.0    1.0    0.0    0.0   
799  ...      0.0    0.0    0.0    0.0    0.0    1.0    0.0    0.0    0.0   

     99938  
0      0.0  
1      1.0  
2      0.0  
3      0.0  
4      0.0  
5      0.0  
6      0.0  
7      0.0  
8      0.0  
9      1.0  
10     0.0  
11     0.0  
12     0.0  
13     0.0  
14     0.0  
15     0.0  
16     0.0  
17     0.0  
18     0.0  
19     0.0  
20     0.0  
21     0.0  
22     0.0  
23     0.0  
24     0.0  
25     0.0  
26     0.0  
27     0.0  
28     0.0  
29     0.0  
..     ...  
770    1.0  
771    0.0  
772    0.0  
773    0.0  
774    0.0  
775    0.0  
776    0.0  
777    0.0  
778    0.0  
779    0.0  
780    1.0  
781    0.0  
782    0.0  
783    1.0  
784    0.0  
785    0.0  
786    0.0  
787    0.0  
788    0.0  
789    0.0  
790    0.0  
791    0.0  
792    0.0  
793    0.0  
794    0.0  
795    0.0  
796    0.0  
797    0.0  
798    0.0  
799    0.0  

[800 rows x 2115 columns]
Classified 400 drugs in :  940.693628073
Precision:  0.8
Recall:  0.410256410256
F1 score:  0.542372881356
Classification report
-------------------------------
             precision    recall  f1-score   support

   Inactive       0.94      0.99      0.96       361
     Active       0.80      0.41      0.54        39

avg / total       0.93      0.93      0.92       400

('auc', 0.88035371830385678)
